2026-03-13T16:49:08.788Z JOY-005B comment.added "CalDAV/WebCAL statt eigener iOS-App.

Ansatz: CalDAV-Server auf joyint.com bildet Git-gehostete YAML-Tasks als VTODO ab. User nutzen Apple Reminders, Google Calendar oder jeden anderen CalDAV-Client als Frontend.

Architektur:
jo CLI ---- git push ----> joyint.com (Git + WebUI + CalDAV-Server)
Apple Reminders <-- CalDAV --> joyint.com
Google Calendar <-- CalDAV --> joyint.com

Was gebaut wird:
1. jo CLI (faellt aus joy-core ab, due_date + reminder ins Basis-Item)
2. CalDAV-Server (YAML <-> VTODO Mapping, ein Crate)
3. WebUI auf joyint.com (wird fuer Joy sowieso gebraucht)

Was wegfaellt: Native iOS/Android-App, Push-Notification-Infrastruktur (APNs/FCM), App Store Gebuehren und Reviews, Device-Testing. Ca. 60-70% weniger Aufwand.

VTODO deckt Jo-Anforderungen ab: Title, Description, Due Date, Priority, Status, Reminders (VALARM), Recurring Tasks (RRULE), Tags. PM-Features (deps, milestones, workflow) bleiben Joy-exklusiv.

Zwei-Wege-Sync: CalDAV ist bidirektional. Todo in Apple Reminders abhaken -> CalDAV PATCH -> git commit. Fuer Personal Tool (ein User, mehrere Geraete) ist Conflict-Resolution handhabbar.

Limitierung: Parent-Child (RELATED-TO) wird von CalDAV-Clients inkonsistent unterstuetzt. Fuer verschachtelte Projekte muss die WebUI herhalten.

Native App kann spaeter folgen wenn der CalDAV-Ansatz validiert ist." [horst.schwarz@joydev.com]
2026-03-13T20:11:24.249Z JOY-005E item.created "Item visibility: private and team access control" [horst.schwarz@joydev.com]
2026-03-13T20:11:29.689Z JOY-005F item.created "Public feedback board on joyint.com with voting" [horst.schwarz@joydev.com]
2026-03-13T20:11:34.646Z JOY-0060 item.created "Advanced evaluation methods: Kano, weighted scoring" [horst.schwarz@joydev.com]
2026-03-13T20:14:35.530Z JOY-0061 item.created "Local key management for E2E encryption" [horst.schwarz@joydev.com]
2026-03-13T20:14:39.952Z JOY-0062 item.created "Project membership management on joyint.com" [horst.schwarz@joydev.com]
2026-03-13T20:14:46.366Z JOY-005E dep.added "JOY-0061" [horst.schwarz@joydev.com]
2026-03-13T20:14:47.689Z JOY-005F dep.added "JOY-0062" [horst.schwarz@joydev.com]
2026-03-13T21:01:18.278Z JOY-005B item.updated "Jot: Personal todo tool on shared joy-core base" [horst.schwarz@joydev.com]
2026-03-13T21:01:18.525Z JOY-005C item.updated "Git remote as sync backend instead of custom server" [horst.schwarz@joydev.com]
2026-03-13T21:01:18.682Z JOY-0026 item.updated "Client-side encryption for synced data (v2)" [horst.schwarz@joydev.com]
2026-03-13T21:01:37.648Z JOY-005C dep.added "JOY-0056" [horst.schwarz@joydev.com]
2026-03-13T21:01:41.669Z JOY-0026 item.updated "Client-side E2E encryption for synced data" [horst.schwarz@joydev.com]
