2026-03-20T16:23:23.751Z JOY-0001 item.created "Hint about joy ai setup in joy init output" [horst.schwarz@joydev.com]
2026-03-20T16:33:31.208Z JOY-0002 item.created "joy project get/set for project metadata" [horst.schwarz@joydev.com]
2026-03-20T16:33:31.210Z JOY-0003 item.created "Validate keys in joy config set/get, reject unknown" [horst.schwarz@joydev.com]
2026-03-20T16:33:31.212Z JOY-0004 item.created "Rename item IDs when project acronym changes" [horst.schwarz@joydev.com]
2026-03-20T16:33:31.213Z JOY-0005 item.created "Translate items to new language via AI agent" [horst.schwarz@joydev.com]
2026-03-20T16:33:31.215Z JOY-0006 item.created "Translate items to new language via translation API" [horst.schwarz@joydev.com]
2026-03-20T16:35:16.841Z JOY-0004 item.updated "Rename item IDs when project acronym changes" [horst.schwarz@joydev.com]
2026-03-20T16:35:16.842Z JOY-0005 item.updated "Translate items to new language via AI agent" [horst.schwarz@joydev.com]
2026-03-20T16:35:16.844Z JOY-0006 item.updated "Translate items to new language via translation API" [horst.schwarz@joydev.com]
2026-03-20T16:42:20.973Z JOY-0007 item.created "Add short flags to frequently used CLI parameters" [horst.schwarz@joydev.com]
2026-03-20T16:42:28.396Z JOY-0007 comment.added "Many flags in joy ls (and likely other commands) lack short forms: --tree, --status, --priority, --mine, --blocked, --milestone, --tag, --parent. Clap supports POSIX-style flag bundling automatically, so -St for --short --tree would work once short flags exist. Decision needed: which flags get short forms? Two approaches discussed: (1) boolean flags get short forms, value flags stay long-only; (2) frequently used flags get short forms regardless of type. Resolve --show/-s vs --status/-s conflict (--status is more common, consider reassigning)." [horst.schwarz@joydev.com]
2026-03-20T16:43:48.189Z JOY-0007 item.updated "Review CLI parameter ergonomics (short flags, bundling)" [horst.schwarz@joydev.com]
2026-03-20T17:06:31.658Z JOY-0008 item.created "joy ai setup re-asks for already configured AI tools" [horst.schwarz@joydev.com]
2026-03-20T17:06:37.468Z JOY-0008 comment.added "On re-run, joy ai setup asks 'Configure? [Y/n]' again for tools that are already set up. Expected: show 'configured' and silently update joy-owned files (skills, permissions). Only prompt for newly detected, unconfigured tools. A --force flag could override to reconfigure everything." [horst.schwarz@joydev.com]
2026-03-20T17:11:22.429Z JOY-0009 item.created "Automated validation for CLI-testable steps in milestone checklists" [horst.schwarz@joydev.com]
2026-03-20T17:13:17.260Z JOY-0009 comment.added "Needs careful consideration. Manual validation is highly valuable because: (1) the tester experiences the product end-to-end as a real user, (2) unexpected issues surface that no checklist anticipates (we found multiple bugs and UX improvements during our first manual validation run), (3) it forces the responsible person to actually use their own solution. Automation should only cover the mechanical parts (does the command run, does the file exist) and never replace the manual walkthrough. The goal is to reduce tedium, not to skip the experience." [horst.schwarz@joydev.com]
2026-03-20T17:21:59.802Z JOY-000A item.created "Config defaults: init with all values, code fallback, auto-update on new keys" [horst.schwarz@joydev.com]
2026-03-20T17:22:08.192Z JOY-000A comment.added "Three parts: (1) joy init writes config.yaml with all known default values, not a minimal file. (2) joy config get uses fallback chain: config file -> environment -> code default. Never returns exit 1 for known keys. (3) On tool update (any joy command), automatically append new config keys with their defaults to existing config.yaml. No explicit refresh command needed -- users would forget it. This also fixes the UX issue where AI tools see 'Error: Exit code 1' when querying unset but known config keys." [horst.schwarz@joydev.com]
2026-03-20T17:35:21.683Z JOY-000B item.created "AI does not suggest size when creating items via skill" [horst.schwarz@joydev.com]
2026-03-20T17:35:27.419Z JOY-000B comment.added "The Joy skill prompt instructs the AI to suggest a size (1-7) for new items, but in practice the AI skips it. The skill planning section mentions size but the item creation section does not explicitly remind the AI to include --size in the joy add call. Fix: add explicit size guidance to the 'Planning and creating items' section of the skill." [horst.schwarz@joydev.com]
