2026-03-11T16:39:54.957Z JOY-004B comment.added "Log format updated: removed acronym, ID before event type, tab after event type for alignment" [horst.schwarz@joydev.com]
2026-03-11T16:40:02.085Z JOY-004B item.updated "Structured event log with joy log and joy commit" [horst.schwarz@joydev.com]
2026-03-11T16:40:02.526Z JOY-004C dep.added "JOY-004B" [horst.schwarz@joydev.com]
2026-03-11T16:45:39.980Z JOY-004D item.created "joy roadmap as alias for joy ls --tree --group milestone" [horst.schwarz@joydev.com]
2026-03-11T16:46:59.015Z JOY-004D comment.added "Add Roadmap command as alias for ls --tree --group milestone. Register in main.rs as new Commands variant that delegates to ls::run() with pre-filled args." [horst.schwarz@joydev.com]
2026-03-11T16:47:07.112Z JOY-004D item.status_changed "new -> in-progress" [horst.schwarz@joydev.com]
2026-03-11T16:48:03.045Z JOY-004D item.status_changed "in-progress -> closed" [horst.schwarz@joydev.com]
2026-03-11T16:55:48.114Z JOY-0037 comment.added "Fix: treat empty description string as None (clear the field). In display, already guarded by if let Some." [horst.schwarz@joydev.com]
2026-03-11T16:55:48.579Z JOY-0037 item.status_changed "new -> in-progress" [horst.schwarz@joydev.com]
2026-03-11T16:56:23.453Z JOY-0037 item.status_changed "in-progress -> closed" [horst.schwarz@joydev.com]
2026-03-11T16:56:41.587Z JOY-003E comment.added "Fix: add -m short flag to --milestone in edit.rs, matching add.rs." [horst.schwarz@joydev.com]
2026-03-11T16:56:42.044Z JOY-003E item.status_changed "new -> in-progress" [horst.schwarz@joydev.com]
2026-03-11T16:57:12.706Z JOY-003E item.status_changed "in-progress -> closed" [horst.schwarz@joydev.com]
2026-03-11T17:37:44.194Z JOY-0041 item.status_changed "new -> in-progress" [horst.schwarz@joydev.com]
2026-03-11T17:38:14.365Z JOY-0049 item.status_changed "closed -> open" [horst.schwarz@joydev.com]
2026-03-11T17:38:21.005Z JOY-0049 item.status_changed "open -> closed" [horst.schwarz@joydev.com]
2026-03-11T17:38:21.452Z JOY-0041 item.status_changed "in-progress -> closed" [horst.schwarz@joydev.com]
2026-03-11T17:39:03.218Z JOY-0040 item.status_changed "new -> in-progress" [horst.schwarz@joydev.com]
2026-03-11T17:39:48.187Z JOY-0035 milestone.unlinked "JOY-MS-01" [horst.schwarz@joydev.com]
2026-03-11T17:39:48.646Z JOY-0035 milestone.linked "JOY-MS-01" [horst.schwarz@joydev.com]
2026-03-11T17:39:55.987Z JOY-0040 item.status_changed "in-progress -> closed" [horst.schwarz@joydev.com]
2026-03-11T17:44:21.651Z JOY-003F item.status_changed "new -> in-progress" [horst.schwarz@joydev.com]
2026-03-11T17:45:43.956Z JOY-MS-01 milestone.updated "Phase 0+1: Dogfood-ready CLI" [horst.schwarz@joydev.com]
2026-03-11T17:45:58.161Z JOY-003F item.status_changed "in-progress -> closed" [horst.schwarz@joydev.com]
2026-03-11T17:47:53.537Z JOY-003C item.status_changed "new -> in-progress" [horst.schwarz@joydev.com]
2026-03-11T17:48:45.144Z JOY-003C item.updated "Add --tag filter to joy ls" [horst.schwarz@joydev.com]
2026-03-11T17:48:59.463Z JOY-003C item.updated "Add --tag filter to joy ls" [horst.schwarz@joydev.com]
2026-03-11T17:48:59.904Z JOY-003C item.status_changed "in-progress -> closed" [horst.schwarz@joydev.com]
