2026-03-23T05:48:33.424Z JOY-0040 item.updated "Git write operations in vcs::git (add, commit, tag, push)" [horst.schwarz@joydev.com]
2026-03-23T05:48:43.898Z JOY-0040 comment.added "Plan: (1) Add git_version() to check git is installed and parse version. Minimum: 2.0. (2) Add write operations to GitVcs: add(paths), commit(message), tag_annotated(name, body), push(remote, branch), push_tag(remote, tag). (3) Add forge detection: parse_forge_from_remote(url) returns GitHub/GitLab/Gitea/Unknown. Check gh CLI availability with version. (4) All errors use JoyError with context (which command failed, what the output was)." [horst.schwarz@joydev.com]
2026-03-23T05:48:43.902Z JOY-0040 item.status_changed "new -> in-progress" [horst.schwarz@joydev.com]
2026-03-23T05:50:33.771Z JOY-0040 comment.added "[x] Refactored vcs.rs: shared git_output/git_run helpers with robust error handling (NotFound detection, stderr in error messages). [x] Git version check: parse_git_version(), check_version() with minimum 2.0. [x] Write operations: add, add_all, commit, tag, tag_annotated, push, push_tag, push_with_tags, default_remote, remote_url, is_clean, head_is_tagged. [x] Forge detection: parse_forge_from_url() for GitHub/GitLab/Gitea/Unknown, detect_forge() from remote. [x] gh CLI: gh_version(), has_gh(), gh_create_release(). [x] 10 new tests (version parsing, forge detection, version check, clean check)." [horst.schwarz@joydev.com]
2026-03-23T05:50:33.776Z JOY-0040 item.status_changed "in-progress -> closed" [horst.schwarz@joydev.com]
2026-03-23T05:51:46.717Z JOY-0046 item.created "Allow textual shortcuts in filters" [horst.schwarz@joydev.com]
2026-03-23T05:55:10.275Z JOY-0042 item.updated "Forge trait with GitHub implementation" [horst.schwarz@joydev.com]
2026-03-23T05:55:21.799Z JOY-0043 item.updated "joy release create --full end-to-end flow" [horst.schwarz@joydev.com]
2026-03-23T06:00:14.962Z JOY-0047 item.created "Rethink interaction levels: named levels instead of numbers" [horst.schwarz@joydev.com]
2026-03-23T06:34:23.767Z JOY-0048 item.created "ForgeSync vision document for Joy CLI" [horst.schwarz@joydev.com]
2026-03-23T06:36:21.532Z JOY-0048 comment.added "Plan: Create docs/dev/vision/ForgeSync.md. Sections: (1) forge: config format and semantics (github, joyint, github@joyint, none), (2) joy sync push/pull flow per forge type, (3) offline-first: no live sync, explicit push/pull only, (4) conflict resolution always local, (5) joy init forge detection from remote URL with user confirmation, (6) forge: none behavior." [horst.schwarz@joydev.com]
2026-03-23T06:36:21.536Z JOY-0048 item.status_changed "new -> in-progress" [horst.schwarz@joydev.com]
2026-03-23T06:39:08.263Z JOY-0048 comment.added "[x] Created docs/dev/vision/ForgeSync.md: forge config format (github, joyint, github@joyint, none), sync push/pull flows per forge type, offline-first design, conflict resolution always local, forge detection at joy init, tool requirements. Referenced from umbrella Vision.md." [horst.schwarz@joydev.com]
2026-03-23T06:39:08.269Z JOY-0048 item.status_changed "in-progress -> closed" [horst.schwarz@joydev.com]
2026-03-23T07:10:25.704Z JOY-0041 comment.added "Plan: (1) Add release.version-files list to project.yaml schema. Each entry has path (glob) and key (dotted). (2) Implement version_bump module in joy-core: parse file by extension (.toml → TOML, .json → JSON, .yaml/.yml → YAML), update the specific key, write back. (3) Glob expansion for paths like crates/*/Cargo.toml. (4) Error if file not found, format unknown, or key missing." [horst.schwarz@joydev.com]
2026-03-23T07:10:25.708Z JOY-0041 item.status_changed "new -> in-progress" [horst.schwarz@joydev.com]
2026-03-23T07:16:02.535Z JOY-0041 comment.added "[x] version_bump module in joy-cli with bump_all(root, files, version). Parses TOML (via toml_edit, preserves formatting), JSON (serde_json), YAML (serde_yaml_ng). Dotted key navigation (e.g. package.version). Glob expansion for paths (crates/*/Cargo.toml). Clear errors for missing keys, unsupported formats, missing files. 7 tests covering all formats, nested keys, globs, and error cases." [horst.schwarz@joydev.com]
2026-03-23T07:16:02.544Z JOY-0041 item.status_changed "in-progress -> closed" [horst.schwarz@joydev.com]
2026-03-23T07:18:26.540Z JOY-0042 comment.added "Plan: (1) Add forge: field to Project struct in model/project.rs. (2) Create forge module in joy-cli with Forge trait (create_release) and GitHubForge implementation wrapping the existing gh_create_release from vcs.rs. (3) forge_from_config() reads forge: from project.yaml, returns the right implementation. (4) GitHub impl checks gh availability and auth status before creating release." [horst.schwarz@joydev.com]
2026-03-23T07:18:26.549Z JOY-0042 item.status_changed "new -> in-progress" [horst.schwarz@joydev.com]
2026-03-23T07:20:46.076Z JOY-0042 comment.added "[x] Added forge: field (optional String) to Project struct. [x] ForgeRelease trait with create_release(root, tag, title, notes). [x] GitHubForge: wraps vcs::gh_create_release, checks gh availability and auth status before creating. [x] NoForge: no-op for forge: none or unset. [x] from_config(): parses forge value, returns appropriate implementation. Unsupported forges (gitlab, gitea, *@joyint) fall back to NoForge with warning. [x] 4 tests." [horst.schwarz@joydev.com]
2026-03-23T07:20:46.085Z JOY-0042 item.status_changed "in-progress -> closed" [horst.schwarz@joydev.com]
2026-03-23T07:20:58.331Z JOY-0043 comment.added "Plan: (1) Add --full flag to CreateArgs in release.rs. (2) When --full: after joy release YAML is created, read release.version-files from project.yaml and bump versions (version_bump::bump_all). (3) Git ops via vcs: add_all, commit with [no-item], tag_annotated with markdown notes, push_with_tags. (4) Forge release via forge::from_config if user confirms. (5) All checks upfront: git version, clean tree, forge auth." [horst.schwarz@joydev.com]
2026-03-23T07:20:58.341Z JOY-0043 item.status_changed "new -> in-progress" [horst.schwarz@joydev.com]
