2026-03-22T14:29:58.402Z JOY-0024 item.created "Roadmap with adjusted line length" [horst.schwarz@joydev.com]
2026-03-22T14:34:49.991Z JOY-0025 item.created "Multiline comment details in event log cause board panic" [horst.schwarz@joydev.com]
2026-03-22T14:34:56.407Z JOY-0025 comment.added "Fixed: three-part fix. (1) append_event() now escapes newlines (\\n) and backslashes (\\\\) in the details field before writing, keeping the log strictly one-entry-per-line. (2) parse_log_line() rejects lines that do not start with a digit (fast path) and validates the timestamp is ISO 8601 before returning a LogEntry. Added unescape_details() for reading escaped content back. (3) board.rs uses .get(..10) instead of [..10] for defensive timestamp extraction. Migrated all 6 affected log files (umbrella + joy subproject) to escaped format. Added 4 new tests: escape_roundtrip, multiline_details_roundtrip, reject_non_timestamp_lines, timestamp_validation. Documented error output conventions in ADR-015." [horst.schwarz@joydev.com]
2026-03-22T14:34:58.805Z JOY-0025 item.status_changed "new -> closed" [horst.schwarz@joydev.com]
2026-03-22T14:42:32.601Z JOY-001C comment.added "Plan: Add joy ai check subcommand. (1) Compute SHA-256 hashes of the three embedded templates (instructions.md, setup.md, SKILL.md) at compile time via include_str\\!. (2) At runtime, hash the installed files in .joy/ai/ and compare. (3) If all match: print 'Up to date.' and exit 0. (4) If any differ or missing: run the existing copy_templates() logic to update, print what changed, and exit 2 so the AI tool can detect and reload. (5) Add instruction to AI templates: run joy ai check at session start." [horst.schwarz@joydev.com]
2026-03-22T14:42:35.311Z JOY-001C item.status_changed "new -> in-progress" [horst.schwarz@joydev.com]
2026-03-22T14:53:14.777Z JOY-001C comment.added "[x] joy ai check compares installed .joy/ai/ templates against embedded versions via SHA-256. Exit 0 = up to date, exit 2 = outdated with list and hint to run joy ai setup. [x] joy ai setup now uses the same diff logic: only writes changed templates, shows up to date / updated per file. [x] instructions.md and SKILL.md updated: joy ai check is now step 1 of session start." [horst.schwarz@joydev.com]
2026-03-22T14:53:17.181Z JOY-001C item.status_changed "in-progress -> closed" [horst.schwarz@joydev.com]
2026-03-22T14:55:59.818Z JOY-0024 comment.added "Plan: Both tree renderers (print_tree_node for parent grouping, print_ms_tree_node for milestone grouping) print titles without terminal width awareness. truncate_title() already exists in ls.rs but is only used in print_table(). Fix: compute available title space as terminal_width minus prefix_width minus metadata brackets (ID + [type] + [status] + [prio]) and truncate the title. Same approach for both active and inactive items." [horst.schwarz@joydev.com]
2026-03-22T14:56:02.349Z JOY-0024 item.status_changed "new -> in-progress" [horst.schwarz@joydev.com]
2026-03-22T14:57:19.072Z JOY-0024 comment.added "[x] Both tree renderers (print_tree_node, print_ms_tree_node) now truncate titles based on terminal width. Shared tree_title_width() computes available space by subtracting prefix, connector, ID, and metadata brackets from terminal width. Uses existing truncate_title() with '...' suffix. Works in both emoji and no-emoji modes." [horst.schwarz@joydev.com]
2026-03-22T14:57:19.080Z JOY-0024 item.status_changed "in-progress -> closed" [horst.schwarz@joydev.com]
2026-03-22T14:59:22.147Z JOY-0024 comment.added "[x] Follow-up fix: bracket width calculation was off by 1 per bracket (counted 2 chars for ' [X]' instead of 3). Also applies to joy ls --tree, not just roadmap." [horst.schwarz@joydev.com]
2026-03-22T15:24:32.039Z JOY-0023 comment.added "Plan: (1) Create .joy/hooks/commit-msg hook that validates commit messages contain at least one item ID matching the project acronym (from project.yaml). Pattern: ACRONYM-XXXX (hex). (2) Merge commits are exempt (detect via MERGE_HEAD). (3) Error output follows ADR-015 rustc diagnostic format, including a note about --no-verify with audit policy warning. (4) joy init in onboarding mode (project already exists) sets core.hooksPath to .joy/hooks and prints setup confirmation. (5) Hook script is versioniert in .joy/hooks/ so it distributes via git. (6) Document in CONTRIBUTING.md: every commit must reference an item, subprojects need their own items (model A). (7) Update AI instructions: when working across umbrella and subprojects, create items in each affected project." [horst.schwarz@joydev.com]
2026-03-22T15:35:52.450Z JOY-0023 comment.added "Plan update: (1) Hook and CI both accept two valid patterns: item ID (ACRONYM-XXXX) or [no-item] tag. No --no-verify recommendation. (2) [no-item] is the documented bypass, visible in git history, auditable. (3) Hook error message points to [no-item] instead of --no-verify. (4) just lint-commits uses the same logic. (5) GitHub/GitLab/Gitea Actions: defer to separate item. The CI recipe (just lint-commits) will need a wrapper per platform (GitHub Action, GitLab CI job, Gitea Action) since each has different PR/MR branch semantics." [horst.schwarz@joydev.com]
2026-03-22T15:35:52.458Z JOY-0023 item.status_changed "new -> in-progress" [horst.schwarz@joydev.com]
2026-03-22T15:40:00.436Z JOY-0023 comment.added "[x] commit-msg hook in .joy/hooks/ validates item ID (ACRONYM-XXXX) or [no-item] tag. Merge commits exempt. Error output in ADR-015 format. [x] joy init onboarding mode: detects existing project, installs hook and sets core.hooksPath. Idempotent on re-run. [x] just lint-commits checks all commits in a branch range (default main..HEAD), same logic as hook. Ready for CI integration. [x] CONTRIBUTING.md updated with item-per-commit policy and multi-repo rules. [x] AI instructions updated. Note: CI Actions (GitHub/GitLab/Gitea) deferred -- each platform needs a wrapper around just lint-commits with platform-specific branch semantics." [horst.schwarz@joydev.com]
2026-03-22T15:40:00.442Z JOY-0023 item.status_changed "in-progress -> closed" [horst.schwarz@joydev.com]
2026-03-22T15:45:18.777Z JOY-0026 item.created "Unified embedded file sync for hooks, AI templates, and future assets" [horst.schwarz@joydev.com]
2026-03-22T15:45:26.246Z JOY-0026 comment.added "Plan: (1) Create joy-core::embedded module with EmbeddedFile struct (source content, target relative path, executable flag) and two functions: diff_files() returns Vec of (path, status) and sync_files() writes changed files and returns Vec of (path, action). Both use SHA-256 comparison. (2) Move commit-msg hook to data/hooks/commit-msg, reference via include_str! in the registry. (3) Define two registries: HOOK_FILES and AI_FILES as const arrays of EmbeddedFile. (4) Refactor ai.rs to use sync_files/diff_files from core instead of its own diff_templates/sync logic. (5) Refactor init.rs onboard() to use sync_files from core. (6) Remove sha2 dependency from joy-cli, add to joy-core." [horst.schwarz@joydev.com]
2026-03-22T15:45:26.253Z JOY-0026 item.status_changed "new -> in-progress" [horst.schwarz@joydev.com]
2026-03-22T15:48:05.414Z JOY-0026 comment.added "[x] Created joy-core::embedded module with EmbeddedFile, diff_files(), sync_files(), all_up_to_date(). SHA-256 hash comparison, executable flag support. 4 tests. [x] Moved commit-msg hook to data/hooks/commit-msg, referenced via include_str! in HOOK_FILES registry. [x] Refactored ai.rs: replaced custom TEMPLATES/sha256_hex/diff_templates/sync logic with AI_FILES registry using embedded::diff_files/sync_files. [x] Refactored init.rs: install_hooks() uses embedded::sync_files(root, HOOK_FILES). [x] Removed sha2 from joy-cli, added to joy-core. Both ai check/setup and init onboarding use the same core mechanism." [horst.schwarz@joydev.com]
2026-03-22T15:48:05.421Z JOY-0026 item.status_changed "in-progress -> closed" [horst.schwarz@joydev.com]
2026-03-22T15:49:24.795Z JOY-0027 item.created "ADR-016: Embedded file sync for Joy-owned assets" [horst.schwarz@joydev.com]
2026-03-22T15:49:24.803Z JOY-0027 item.status_changed "new -> in-progress" [horst.schwarz@joydev.com]
2026-03-22T15:49:55.090Z JOY-0027 comment.added "[x] ADR-016 created: documents the embedded file sync pattern, core module API, file registries (HOOK_FILES, AI_FILES), three operations (check/sync/install), hash comparison strategy, and how to add new embedded files." [horst.schwarz@joydev.com]
2026-03-22T15:49:55.097Z JOY-0027 item.status_changed "in-progress -> closed" [horst.schwarz@joydev.com]
2026-03-22T15:52:49.178Z JOY-0028 item.created "Document joy init onboarding and commit-msg hook in README and Tutorial" [horst.schwarz@joydev.com]
2026-03-22T15:52:49.185Z JOY-0028 item.status_changed "new -> in-progress" [horst.schwarz@joydev.com]
2026-03-22T15:53:35.916Z JOY-0028 comment.added "[x] README.md: added 'Joining an existing project' section explaining joy init onboarding mode. [x] Tutorial Mission 1: added 'Joining an existing project' subsection and hook mention. [x] Tutorial Mission 7: added 'Commit-msg hook: closing the loop' section with full error output example, [no-item] bypass, multi-repo rules, and CI hint. [x] Reference table: updated joy init description, added joy ai check." [horst.schwarz@joydev.com]
2026-03-22T15:53:35.924Z JOY-0028 item.status_changed "in-progress -> closed" [horst.schwarz@joydev.com]
2026-03-22T16:18:33.919Z JOY-0029 item.created "Joy process: capability model and member management" [horst.schwarz@joydev.com]
2026-03-22T16:18:39.092Z JOY-002A item.created "Capability model in joy-core" [horst.schwarz@joydev.com]
2026-03-22T16:18:44.844Z JOY-002B item.created "Display capability status in joy show" [horst.schwarz@joydev.com]
2026-03-22T16:18:48.128Z JOY-002B dep.added "JOY-002A" [horst.schwarz@joydev.com]
2026-03-22T16:18:55.857Z JOY-002C item.created "Member management in project.yaml" [horst.schwarz@joydev.com]
2026-03-22T16:18:58.807Z JOY-002C dep.added "JOY-002A" [horst.schwarz@joydev.com]
2026-03-22T16:19:04.992Z JOY-002D item.created "Register AI agents as members in joy ai setup" [horst.schwarz@joydev.com]
2026-03-22T16:19:14.723Z JOY-002D dep.added "JOY-002C" [horst.schwarz@joydev.com]
2026-03-22T16:19:20.289Z JOY-002E item.created "Multi-capability assignments with joy assign" [horst.schwarz@joydev.com]
2026-03-22T16:19:23.878Z JOY-002E dep.added "JOY-002C" [horst.schwarz@joydev.com]
2026-03-22T16:19:30.850Z JOY-002F item.created "Three-layer interaction level resolution" [horst.schwarz@joydev.com]
2026-03-22T16:19:36.855Z JOY-002F dep.added "JOY-002C" [horst.schwarz@joydev.com]
2026-03-22T16:19:36.864Z JOY-002F dep.added "JOY-0017" [horst.schwarz@joydev.com]
2026-03-22T16:19:42.717Z JOY-0030 item.created "Transition gates in project.yaml" [horst.schwarz@joydev.com]
2026-03-22T16:19:46.005Z JOY-0030 dep.added "JOY-002A" [horst.schwarz@joydev.com]
2026-03-22T16:19:46.012Z JOY-0030 dep.added "JOY-002C" [horst.schwarz@joydev.com]
2026-03-22T16:19:52.736Z JOY-0031 item.created "Job tracking with automatic lifecycle" [horst.schwarz@joydev.com]
2026-03-22T16:19:55.669Z JOY-0031 dep.added "JOY-002C" [horst.schwarz@joydev.com]
2026-03-22T16:19:55.677Z JOY-0031 dep.added "JOY-002A" [horst.schwarz@joydev.com]
2026-03-22T16:20:00.978Z JOY-0032 item.created "AI cost tracking per job" [horst.schwarz@joydev.com]
2026-03-22T16:20:03.711Z JOY-0032 dep.added "JOY-0031" [horst.schwarz@joydev.com]
2026-03-22T16:20:09.060Z JOY-0033 item.created "joy health: automated process health check" [horst.schwarz@joydev.com]
2026-03-22T16:20:15.045Z JOY-0034 item.created "CI Actions for commit lint (GitHub, GitLab, Gitea)" [horst.schwarz@joydev.com]
2026-03-22T16:57:56.849Z JOY-0035 item.created "Release management with joy release" [horst.schwarz@joydev.com]
2026-03-22T16:58:02.927Z JOY-0036 item.created "Release data model and YAML storage" [horst.schwarz@joydev.com]
2026-03-22T16:58:11.360Z JOY-0037 item.created "joy release create with auto-versioning" [horst.schwarz@joydev.com]
2026-03-22T16:58:14.759Z JOY-0037 dep.added "JOY-0036" [horst.schwarz@joydev.com]
2026-03-22T16:58:20.516Z JOY-0038 item.created "joy release show for display and preview" [horst.schwarz@joydev.com]
2026-03-22T16:58:23.967Z JOY-0038 dep.added "JOY-0036" [horst.schwarz@joydev.com]
2026-03-22T16:58:30.002Z JOY-0039 item.created "Reopen warning for released items" [horst.schwarz@joydev.com]
2026-03-22T16:58:32.607Z JOY-0039 dep.added "JOY-0036" [horst.schwarz@joydev.com]
2026-03-22T16:58:37.468Z JOY-003A item.created "Integrate joy release with just release recipe" [horst.schwarz@joydev.com]
2026-03-22T16:58:40.155Z JOY-003A dep.added "JOY-0037" [horst.schwarz@joydev.com]
2026-03-22T17:12:35.327Z JOY-0036 comment.added "Plan: (1) Add Release struct to joy-core::model with version, title (optional), description (optional), date, previous (optional), contributors vec, and items grouped by type. (2) Add RELEASES_DIR constant to store.rs. (3) Add release.created event type to event_log. (4) Add releases module to joy-core for load/save/list operations. (5) Filename format: ACRONYM-vX.Y.Z.yaml." [horst.schwarz@joydev.com]
2026-03-22T17:12:35.335Z JOY-0036 item.status_changed "new -> in-progress" [horst.schwarz@joydev.com]
2026-03-22T17:14:55.356Z JOY-0036 comment.added "[x] Release struct in joy-core::model::release with version, title, description, date, previous, contributors (id + item count), items grouped by type (7 groups matching item types). Bump enum with FromStr. bump_version() for semver calculation. [x] releases module in joy-core with save_release, load_release, load_releases (sorted newest first), latest_version, item_in_release. [x] RELEASES_DIR constant in store.rs, releases/ added to joy init directory structure. [x] release.created event type in event_log. [x] 12 new tests." [horst.schwarz@joydev.com]
2026-03-22T17:14:55.381Z JOY-0036 item.status_changed "in-progress -> closed" [horst.schwarz@joydev.com]
2026-03-22T17:26:07.319Z JOY-003B item.created "Treat config.defaults.yaml as embedded file" [horst.schwarz@joydev.com]
2026-03-22T17:26:48.128Z JOY-0037 comment.added "Plan: (1) Add release subcommand to CLI with create, show, ls. (2) create takes bump argument (patch/minor/major) + optional --title, --description, --version. (3) Reads last release.created event from log to determine cutoff timestamp. If no release exists, uses the earliest log entry. (4) Collects all item.status_changed events with '-> closed' after cutoff. (5) Loads those items, groups by type, builds contributor list from event actors. (6) Shows preview, writes YAML, logs release.created event." [horst.schwarz@joydev.com]
2026-03-22T17:26:48.148Z JOY-0037 item.status_changed "new -> in-progress" [horst.schwarz@joydev.com]
2026-03-22T17:31:03.368Z JOY-0037 comment.added "[x] joy release create patch/minor/major with auto-versioning from latest Joy release or git tag fallback. Optional --title, --description, --version. [x] Collects closed items since last release.created event via event log. Groups by type, builds contributor list. [x] joy release show vX.Y.Z reads YAML, joy release show (no arg) computes live preview. [x] joy release ls lists all releases. [x] Logs release.created event. [x] Refactored from old version-tag-based release command to subcommand pattern (create/show/ls)." [horst.schwarz@joydev.com]
2026-03-22T17:31:03.377Z JOY-0037 item.status_changed "in-progress -> closed" [horst.schwarz@joydev.com]
2026-03-22T17:40:15.604Z JOY-0038 comment.added "[x] joy release show vX.Y.Z reads YAML and displays formatted output. [x] joy release show (no arg) computes live preview from event log. [x] joy release ls lists all releases with version, date, item count, title. [x] All display functions truncate titles to terminal width. Already implemented as part of JOY-0037." [horst.schwarz@joydev.com]
2026-03-22T17:40:15.612Z JOY-0038 item.status_changed "new -> closed" [horst.schwarz@joydev.com]
2026-03-22T17:42:35.108Z JOY-003C item.created "Global --short flag appears on subcommands where it has no effect" [horst.schwarz@joydev.com]
2026-03-22T17:42:35.117Z JOY-003C item.status_changed "new -> in-progress" [horst.schwarz@joydev.com]
2026-03-22T17:46:34.371Z JOY-003C item.updated "Global --short flag appears on subcommands where it has no effect" [horst.schwarz@joydev.com]
2026-03-22T17:46:34.378Z JOY-003C comment.added "[x] Removed global=true from --short flag. Added -S/--short to BoardArgs, LsArgs, ShowArgs, RoadmapArgs. Extracted short_override in main() from the specific subcommand args. Verified all subcommands: only board, ls, show, roadmap show -S in help. All others clean." [horst.schwarz@joydev.com]
2026-03-22T17:46:34.386Z JOY-003C item.status_changed "in-progress -> closed" [horst.schwarz@joydev.com]
2026-03-22T17:54:05.378Z JOY-0039 comment.added "Plan: In the reopen command path (status.rs), after loading the item check if it appears in any release via releases::item_in_release(). If found, show warning with release version and suggest creating a new item instead. Ask for confirmation [y/N] (default No). If denied, abort." [horst.schwarz@joydev.com]
2026-03-22T17:54:05.386Z JOY-0039 item.status_changed "new -> in-progress" [horst.schwarz@joydev.com]
2026-03-22T17:54:50.808Z JOY-0039 comment.added "[x] Reopen check in status.rs: when transitioning from closed/deferred to an active status, checks releases::item_in_release(). If found, shows warning in ADR-015 format with release version, suggests creating a new item, asks for confirmation [y/N] (default No). Aborts if denied." [horst.schwarz@joydev.com]
2026-03-22T17:54:50.817Z JOY-0039 item.status_changed "in-progress -> closed" [horst.schwarz@joydev.com]
2026-03-22T18:05:21.134Z JOY-003A comment.added "Plan: (1) Update joy justfile release recipe: check for .joy/ and if present run joy release create <bump> first. joy release create now has the confirmation prompt so just waits for that. Only if confirmed (exit 0): proceed with Cargo.toml bump, git add, commit with [no-item], tag, push. (2) Each subproject justfile is self-contained -- the .joy check lives there, never in the umbrella. (3) Umbrella release-all as separate item (iterates submodules, calls their just release)." [horst.schwarz@joydev.com]
2026-03-22T18:05:21.142Z JOY-003A item.status_changed "new -> in-progress" [horst.schwarz@joydev.com]
2026-03-22T18:06:17.827Z JOY-003A comment.added "[x] just release recipe updated: checks for .joy/project.yaml and joy binary, if present runs joy release create <bump> first (with its own confirmation prompt). Reads version from generated YAML. Falls back to git-tag-based versioning for non-Joy projects. Cargo.toml bump only if crates/ exists. Commit message uses [no-item] tag. [x] Created JI-00C6 for umbrella release-all orchestration." [horst.schwarz@joydev.com]
2026-03-22T18:06:17.835Z JOY-003A item.status_changed "in-progress -> closed" [horst.schwarz@joydev.com]
2026-03-22T18:06:17.841Z JOY-0035 item.status_changed "new -> closed (all children closed)" [horst.schwarz@joydev.com]
